PRT1
108
343
350
4 0 34 0 (0 160 0 ) (0 0 0 ) (0 0 104 ) (0 160 104 ) 
4 0 33 0 (0 256 0 ) (0 160 0 ) (0 160 104 ) (0 256 104 ) 
4 0 28 0 (0 360 0 ) (0 256 0 ) (0 256 8 ) (0 360 8 ) 
4 0 26 0 (0 256 8 ) (0 256 24 ) (0 360 24 ) (0 360 8 ) 
4 0 24 0 (0 256 24 ) (0 256 40 ) (0 360 40 ) (0 360 24 ) 
4 0 22 0 (0 256 40 ) (0 256 56 ) (0 360 56 ) (0 360 40 ) 
4 0 20 0 (0 256 56 ) (0 256 72 ) (0 360 72 ) (0 360 56 ) 
4 0 18 0 (0 256 72 ) (0 256 104 ) (0 360 104 ) (0 360 72 ) 
4 0 16 0 (0 520 0 ) (0 360 0 ) (0 360 104 ) (0 520 104 ) 
4 0 11 0 (0 0 104 ) (0 0 136 ) (0 512 136 ) (0 512 104 ) 
4 0 9 0 (0 0 136 ) (0 0 376 ) (0 112 376 ) (0 112 136 ) 
4 0 5 0 (0 112 376 ) (0 512 376 ) (0 512 136 ) (0 112 136 ) 
4 0 4 0 (0 512 376 ) (0 520 376 ) (0 520 104 ) (0 512 104 ) 
4 0 2 0 (0 0 376 ) (0 0 0 ) (256 0 0 ) (256 0 376 ) 
4 0 1 0 (256 0 0 ) (0 0 0 ) (0 520 0 ) (256 520 0 ) 
4 1 46 0 (0 0 -32 ) (0 0 0 ) (0 160 0 ) (0 160 -32 ) 
4 1 45 0 (0 160 0 ) (0 256 0 ) (0 256 -32 ) (0 160 -32 ) 
4 1 36 0 (0 256 0 ) (0 520 0 ) (0 520 -32 ) (0 256 -32 ) 
4 1 3 0 (0 0 0 ) (0 0 -32 ) (256 0 -32 ) (256 0 0 ) 
4 2 59 0 (0 0 104 ) (0 0 0 ) (0 -128 0 ) (0 -128 104 ) 
4 2 56 0 (0 0 136 ) (0 0 104 ) (0 -128 104 ) (0 -128 136 ) 
4 2 48 0 (0 0 376 ) (0 0 136 ) (0 -128 136 ) (0 -128 376 ) 
4 2 3 0 (0 -128 0 ) (0 0 0 ) (256 0 0 ) (256 -128 0 ) 
4 3 61 0 (0 -128 -32 ) (0 -128 0 ) (0 0 0 ) (0 0 -32 ) 
4 4 63 0 (-1024 520 376 ) (-1024 520 104 ) (-1024 512 104 ) (-1024 512 376 ) 
4 4 17 0 (-1024 512 104 ) (-1024 520 104 ) (-328 520 104 ) (-328 512 104 ) 
4 4 16 0 (-304 520 104 ) (0 520 104 ) (0 512 104 ) (-304 512 104 ) 
4 4 12 0 (-304 512 104 ) (-192 512 104 ) (-192 512 136 ) (-304 512 136 ) 
4 4 11 0 (-192 512 104 ) (0 512 104 ) (0 512 136 ) (-192 512 136 ) 
4 4 7 0 (-1024 512 176 ) (-1024 512 136 ) (-920 512 136 ) (-920 512 176 ) 
4 4 6 0 (-1024 512 376 ) (-1024 512 296 ) (-920 512 296 ) (-920 512 376 ) 
4 4 5 0 (-920 512 136 ) (0 512 136 ) (0 512 376 ) (-920 512 376 ) 
4 5 15 0 (-680 112 136 ) (-920 112 136 ) (-920 352 136 ) (-680 352 136 ) 
4 5 13 0 (-192 360 136 ) (-192 256 136 ) (-208 256 136 ) (-208 360 136 ) 
4 5 12 0 (-304 512 136 ) (-192 512 136 ) (-192 360 136 ) (-304 360 136 ) 
4 5 14 0 (-192 256 136 ) (-192 112 136 ) (-304 112 136 ) (-304 256 136 ) 
4 5 11 0 (-192 512 136 ) (0 512 136 ) (0 112 136 ) (-192 112 136 ) 
4 5 9 0 (-312 112 136 ) (0 112 136 ) (0 112 376 ) (-312 112 376 ) 
4 5 10 0 (-920 112 136 ) (-320 112 136 ) (-320 112 376 ) (-920 112 376 ) 
4 5 7 0 (-920 512 136 ) (-920 504 136 ) (-920 504 176 ) (-920 512 176 ) 
4 5 8 0 (-920 504 136 ) (-920 112 136 ) (-920 112 296 ) (-920 504 296 ) 
4 5 6 0 (-920 112 296 ) (-920 112 376 ) (-920 512 376 ) (-920 512 296 ) 
4 6 70 0 (-1024 416 296 ) (-1024 112 296 ) (-1024 112 312 ) (-1024 416 312 ) 
4 6 69 0 (-1024 504 296 ) (-1024 416 296 ) (-1024 416 312 ) (-1024 504 312 ) 
4 6 65 0 (-1024 512 312 ) (-1024 512 296 ) (-1024 504 296 ) (-1024 504 312 ) 
4 6 64 0 (-1024 112 376 ) (-1024 512 376 ) (-1024 512 312 ) (-1024 112 312 ) 
4 6 10 0 (-920 112 296 ) (-920 112 376 ) (-1024 112 376 ) (-1024 112 296 ) 
4 6 8 0 (-920 504 296 ) (-920 112 296 ) (-1024 112 296 ) (-1024 504 296 ) 
4 7 71 0 (-1024 512 160 ) (-1024 512 136 ) (-1024 504 136 ) (-1024 504 160 ) 
4 7 68 0 (-1024 512 176 ) (-1024 512 160 ) (-1024 504 160 ) (-1024 504 176 ) 
4 7 8 0 (-1024 504 136 ) (-920 504 136 ) (-920 504 176 ) (-1024 504 176 ) 
4 8 71 0 (-1024 504 136 ) (-1024 352 136 ) (-1024 352 160 ) (-1024 504 160 ) 
4 8 72 0 (-1024 352 136 ) (-1024 112 136 ) (-1024 112 160 ) (-1024 352 160 ) 
4 8 70 0 (-1024 112 160 ) (-1024 112 296 ) (-1024 416 296 ) (-1024 416 160 ) 
4 8 69 0 (-1024 416 296 ) (-1024 504 296 ) (-1024 504 160 ) (-1024 416 160 ) 
4 8 15 0 (-1024 112 136 ) (-1024 352 136 ) (-920 352 136 ) (-920 112 136 ) 
4 8 10 0 (-1024 112 136 ) (-920 112 136 ) (-920 112 296 ) (-1024 112 296 ) 
4 9 48 0 (-312 0 136 ) (0 0 136 ) (0 0 376 ) (-312 0 376 ) 
4 9 14 0 (-192 0 136 ) (-304 0 136 ) (-304 112 136 ) (-192 112 136 ) 
4 9 11 0 (0 0 136 ) (-192 0 136 ) (-192 112 136 ) (0 112 136 ) 
4 10 72 0 (-1024 0 136 ) (-1024 0 160 ) (-1024 112 160 ) (-1024 112 136 ) 
4 10 70 0 (-1024 0 160 ) (-1024 0 312 ) (-1024 112 312 ) (-1024 112 160 ) 
4 10 64 0 (-1024 0 312 ) (-1024 0 376 ) (-1024 112 376 ) (-1024 112 312 ) 
4 10 49 0 (-1024 0 376 ) (-1024 0 136 ) (-320 0 136 ) (-320 0 376 ) 
4 10 15 0 (-680 0 136 ) (-1024 0 136 ) (-1024 112 136 ) (-680 112 136 ) 
4 11 56 0 (-192 0 104 ) (0 0 104 ) (0 0 136 ) (-192 0 136 ) 
4 11 34 0 (0 0 104 ) (-192 0 104 ) (-192 160 104 ) (0 160 104 ) 
4 11 33 0 (-192 160 104 ) (-192 256 104 ) (0 256 104 ) (0 160 104 ) 
4 11 19 0 (-176 360 104 ) (-160 360 104 ) (-160 256 104 ) (-176 256 104 ) 
4 11 18 0 (-160 360 104 ) (0 360 104 ) (0 256 104 ) (-160 256 104 ) 
4 11 16 0 (-192 360 104 ) (-192 512 104 ) (0 512 104 ) (0 360 104 ) 
4 11 13 0 (-192 256 136 ) (-192 360 136 ) (-192 360 120 ) (-192 256 120 ) 
4 11 12 0 (-192 360 136 ) (-192 512 136 ) (-192 512 104 ) (-192 360 104 ) 
4 11 14 0 (-192 0 136 ) (-192 256 136 ) (-192 256 104 ) (-192 0 104 ) 
4 12 16 0 (-304 360 104 ) (-304 512 104 ) (-192 512 104 ) (-192 360 104 ) 
4 12 13 0 (-208 360 120 ) (-192 360 120 ) (-192 360 136 ) (-208 360 136 ) 
4 13 14 0 (-208 256 120 ) (-192 256 120 ) (-192 256 136 ) (-208 256 136 ) 
4 14 56 0 (-304 0 104 ) (-192 0 104 ) (-192 0 136 ) (-304 0 136 ) 
4 14 34 0 (-192 0 104 ) (-304 0 104 ) (-304 160 104 ) (-192 160 104 ) 
4 14 33 0 (-304 160 104 ) (-304 256 104 ) (-192 256 104 ) (-192 160 104 ) 
4 15 72 0 (-1024 0 104 ) (-1024 0 136 ) (-1024 352 136 ) (-1024 352 104 ) 
4 15 58 0 (-1024 0 136 ) (-1024 0 104 ) (-688 0 104 ) (-688 0 136 ) 
4 15 57 0 (-688 0 104 ) (-680 0 104 ) (-680 0 136 ) (-688 0 136 ) 
4 15 35 0 (-680 0 104 ) (-1024 0 104 ) (-1024 160 104 ) (-680 160 104 ) 
4 15 33 0 (-1024 160 104 ) (-1024 256 104 ) (-680 256 104 ) (-680 160 104 ) 
4 15 32 0 (-1024 256 104 ) (-1024 352 104 ) (-680 352 104 ) (-680 256 104 ) 
4 16 37 0 (-304 520 0 ) (-48 520 0 ) (-48 360 0 ) (-304 360 0 ) 
4 16 36 0 (-48 520 0 ) (0 520 0 ) (0 360 0 ) (-48 360 0 ) 
4 16 30 0 (-304 360 0 ) (-256 360 0 ) (-256 360 88 ) (-304 360 88 ) 
4 16 29 0 (-256 360 0 ) (-176 360 0 ) (-176 360 8 ) (-256 360 8 ) 
4 16 28 0 (-80 360 0 ) (0 360 0 ) (0 360 8 ) (-80 360 8 ) 
4 16 27 0 (-192 360 24 ) (-256 360 24 ) (-256 360 8 ) (-192 360 8 ) 
4 16 26 0 (0 360 8 ) (0 360 24 ) (-96 360 24 ) (-96 360 8 ) 
4 16 24 0 (0 360 24 ) (0 360 40 ) (-112 360 40 ) (-112 360 24 ) 
4 16 25 0 (-208 360 40 ) (-256 360 40 ) (-256 360 24 ) (-208 360 24 ) 
4 16 22 0 (0 360 40 ) (0 360 56 ) (-128 360 56 ) (-128 360 40 ) 
4 16 23 0 (-224 360 56 ) (-256 360 56 ) (-256 360 40 ) (-224 360 40 ) 
4 16 20 0 (0 360 56 ) (0 360 72 ) (-144 360 72 ) (-144 360 56 ) 
4 16 21 0 (-240 360 72 ) (-256 360 72 ) (-256 360 56 ) (-240 360 56 ) 
4 16 19 0 (-160 360 104 ) (-176 360 104 ) (-176 360 88 ) (-160 360 88 ) 
4 16 18 0 (0 360 72 ) (0 360 104 ) (-160 360 104 ) (-160 360 72 ) 
4 17 73 0 (-1024 360 104 ) (-1024 512 104 ) (-1024 512 0 ) (-1024 360 0 ) 
4 17 63 0 (-1024 512 104 ) (-1024 520 104 ) (-1024 520 0 ) (-1024 512 0 ) 
4 17 44 0 (-1024 360 0 ) (-1024 520 0 ) (-328 520 0 ) (-328 360 0 ) 
4 17 32 0 (-1024 360 0 ) (-328 360 0 ) (-328 360 104 ) (-1024 360 104 ) 
4 18 33 0 (0 256 72 ) (0 256 104 ) (-160 256 104 ) (-160 256 72 ) 
4 18 20 0 (0 256 72 ) (-144 256 72 ) (-144 360 72 ) (0 360 72 ) 
4 18 19 0 (-160 360 104 ) (-160 360 88 ) (-160 256 88 ) (-160 256 104 ) 
4 19 33 0 (-160 256 104 ) (-176 256 104 ) (-176 256 88 ) (-160 256 88 ) 
4 20 33 0 (0 256 56 ) (0 256 72 ) (-144 256 72 ) (-144 256 56 ) 
4 20 22 0 (0 256 56 ) (-128 256 56 ) (-128 360 56 ) (0 360 56 ) 
4 21 33 0 (-240 256 72 ) (-256 256 72 ) (-256 256 56 ) (-240 256 56 ) 
4 21 30 0 (-256 360 72 ) (-256 360 56 ) (-256 256 56 ) (-256 256 72 ) 
4 21 23 0 (-240 256 56 ) (-256 256 56 ) (-256 360 56 ) (-240 360 56 ) 
4 22 33 0 (0 256 40 ) (0 256 56 ) (-128 256 56 ) (-128 256 40 ) 
4 22 24 0 (0 256 40 ) (-112 256 40 ) (-112 360 40 ) (0 360 40 ) 
4 23 33 0 (-224 256 56 ) (-256 256 56 ) (-256 256 40 ) (-224 256 40 ) 
4 23 30 0 (-256 360 56 ) (-256 360 40 ) (-256 256 40 ) (-256 256 56 ) 
4 23 25 0 (-224 256 40 ) (-256 256 40 ) (-256 360 40 ) (-224 360 40 ) 
4 24 33 0 (0 256 24 ) (0 256 40 ) (-112 256 40 ) (-112 256 24 ) 
4 24 26 0 (0 256 24 ) (-96 256 24 ) (-96 360 24 ) (0 360 24 ) 
4 25 33 0 (-208 256 40 ) (-256 256 40 ) (-256 256 24 ) (-208 256 24 ) 
4 25 30 0 (-256 360 40 ) (-256 360 24 ) (-256 256 24 ) (-256 256 40 ) 
4 25 27 0 (-208 256 24 ) (-256 256 24 ) (-256 360 24 ) (-208 360 24 ) 
4 26 33 0 (0 256 8 ) (0 256 24 ) (-96 256 24 ) (-96 256 8 ) 
4 26 28 0 (0 256 8 ) (-80 256 8 ) (-80 360 8 ) (0 360 8 ) 
4 27 33 0 (-192 256 24 ) (-256 256 24 ) (-256 256 8 ) (-192 256 8 ) 
4 27 30 0 (-256 360 24 ) (-256 360 8 ) (-256 256 8 ) (-256 256 24 ) 
4 27 29 0 (-192 256 8 ) (-256 256 8 ) (-256 360 8 ) (-192 360 8 ) 
4 28 38 0 (-80 360 0 ) (-48 360 0 ) (-48 256 0 ) (-80 256 0 ) 
4 28 36 0 (-48 360 0 ) (0 360 0 ) (0 256 0 ) (-48 256 0 ) 
4 28 33 0 (-80 256 0 ) (0 256 0 ) (0 256 8 ) (-80 256 8 ) 
4 29 39 0 (-256 360 0 ) (-176 360 0 ) (-176 256 0 ) (-256 256 0 ) 
4 29 33 0 (-256 256 0 ) (-176 256 0 ) (-176 256 8 ) (-256 256 8 ) 
4 29 30 0 (-256 360 8 ) (-256 360 0 ) (-256 256 0 ) (-256 256 8 ) 
4 30 39 0 (-304 360 0 ) (-256 360 0 ) (-256 256 0 ) (-304 256 0 ) 
4 30 33 0 (-304 256 0 ) (-256 256 0 ) (-256 256 88 ) (-304 256 88 ) 
4 30 31 0 (-304 328 0 ) (-304 256 0 ) (-304 256 88 ) (-304 328 88 ) 
4 31 43 0 (-304 328 0 ) (-304 256 0 ) (-328 256 0 ) (-328 328 0 ) 
4 31 33 0 (-328 256 0 ) (-304 256 0 ) (-304 256 104 ) (-328 256 104 ) 
4 31 32 0 (-328 328 0 ) (-328 256 0 ) (-328 256 104 ) (-328 328 104 ) 
4 32 73 0 (-1024 256 104 ) (-1024 360 104 ) (-1024 360 0 ) (-1024 256 0 ) 
4 32 44 0 (-1024 256 0 ) (-1024 360 0 ) (-328 360 0 ) (-328 256 0 ) 
4 32 33 0 (-1024 256 0 ) (-328 256 0 ) (-328 256 104 ) (-1024 256 104 ) 
4 33 73 0 (-1024 160 104 ) (-1024 256 104 ) (-1024 256 0 ) (-1024 160 0 ) 
4 33 45 0 (-1024 160 0 ) (-1024 256 0 ) (0 256 0 ) (0 160 0 ) 
4 33 34 0 (-672 160 0 ) (0 160 0 ) (0 160 104 ) (-672 160 104 ) 
4 33 35 0 (-1024 160 0 ) (-680 160 0 ) (-680 160 104 ) (-1024 160 104 ) 
4 34 59 0 (-672 0 0 ) (0 0 0 ) (0 0 104 ) (-672 0 104 ) 
4 34 46 0 (0 0 0 ) (-672 0 0 ) (-672 160 0 ) (0 160 0 ) 
4 35 73 0 (-1024 0 0 ) (-1024 0 104 ) (-1024 160 104 ) (-1024 160 0 ) 
4 35 60 0 (-1024 0 104 ) (-1024 0 0 ) (-680 0 0 ) (-680 0 104 ) 
4 35 47 0 (-680 0 0 ) (-1024 0 0 ) (-1024 160 0 ) (-680 160 0 ) 
4 36 45 0 (0 256 -32 ) (0 256 0 ) (-48 256 0 ) (-48 256 -32 ) 
4 36 40 0 (-48 256 -24 ) (-48 256 -8 ) (-48 360 -8 ) (-48 360 -24 ) 
4 36 38 0 (-48 256 -8 ) (-48 256 0 ) (-48 360 0 ) (-48 360 -8 ) 
4 36 37 0 (-48 520 0 ) (-48 520 -32 ) (-48 360 -32 ) (-48 360 0 ) 
4 37 42 0 (-304 360 -24 ) (-304 360 -32 ) (-144 360 -32 ) (-144 360 -24 ) 
4 37 41 0 (-304 360 -8 ) (-304 360 -24 ) (-160 360 -24 ) (-160 360 -8 ) 
4 37 40 0 (-64 360 -24 ) (-48 360 -24 ) (-48 360 -8 ) (-64 360 -8 ) 
4 37 38 0 (-80 360 -8 ) (-48 360 -8 ) (-48 360 0 ) (-80 360 0 ) 
4 37 39 0 (-304 360 0 ) (-304 360 -8 ) (-176 360 -8 ) (-176 360 0 ) 
4 38 45 0 (-48 256 0 ) (-80 256 0 ) (-80 256 -8 ) (-48 256 -8 ) 
4 38 40 0 (-64 360 -8 ) (-48 360 -8 ) (-48 256 -8 ) (-64 256 -8 ) 
4 39 45 0 (-176 256 0 ) (-304 256 0 ) (-304 256 -8 ) (-176 256 -8 ) 
4 39 43 0 (-304 256 -8 ) (-304 256 0 ) (-304 328 0 ) (-304 328 -8 ) 
4 39 41 0 (-304 256 -8 ) (-304 360 -8 ) (-176 360 -8 ) (-176 256 -8 ) 
4 40 45 0 (-64 256 -24 ) (-48 256 -24 ) (-48 256 -8 ) (-64 256 -8 ) 
4 41 45 0 (-304 256 -8 ) (-304 256 -24 ) (-160 256 -24 ) (-160 256 -8 ) 
4 41 43 0 (-304 256 -24 ) (-304 256 -8 ) (-304 328 -8 ) (-304 328 -24 ) 
4 41 42 0 (-304 256 -24 ) (-304 360 -24 ) (-160 360 -24 ) (-160 256 -24 ) 
4 42 45 0 (-304 256 -24 ) (-304 256 -32 ) (-144 256 -32 ) (-144 256 -24 ) 
4 42 43 0 (-304 328 -32 ) (-304 256 -32 ) (-304 256 -24 ) (-304 328 -24 ) 
4 43 45 0 (-304 256 0 ) (-328 256 0 ) (-328 256 -32 ) (-304 256 -32 ) 
4 43 44 0 (-328 328 -32 ) (-328 256 -32 ) (-328 256 0 ) (-328 328 0 ) 
4 44 74 0 (-1024 256 -32 ) (-1024 256 0 ) (-1024 520 0 ) (-1024 520 -32 ) 
4 44 45 0 (-328 256 0 ) (-1024 256 0 ) (-1024 256 -32 ) (-328 256 -32 ) 
4 45 74 0 (-1024 160 0 ) (-1024 256 0 ) (-1024 256 -32 ) (-1024 160 -32 ) 
4 45 46 0 (-672 160 -32 ) (0 160 -32 ) (0 160 0 ) (-672 160 0 ) 
4 45 47 0 (-1024 160 -32 ) (-680 160 -32 ) (-680 160 0 ) (-1024 160 0 ) 
4 46 61 0 (-672 0 -32 ) (0 0 -32 ) (0 0 0 ) (-672 0 0 ) 
4 47 74 0 (-1024 0 -32 ) (-1024 0 0 ) (-1024 160 0 ) (-1024 160 -32 ) 
4 47 62 0 (-1024 0 0 ) (-1024 0 -32 ) (-680 0 -32 ) (-680 0 0 ) 
4 48 56 0 (-304 0 136 ) (0 0 136 ) (0 -128 136 ) (-304 -128 136 ) 
4 49 75 0 (-1024 0 376 ) (-1024 0 136 ) (-1024 -128 136 ) (-1024 -128 376 ) 
4 49 58 0 (-1024 -48 136 ) (-1024 0 136 ) (-688 0 136 ) (-688 -48 136 ) 
4 49 57 0 (-688 0 136 ) (-680 0 136 ) (-680 -128 136 ) (-688 -128 136 ) 
4 49 55 0 (-1024 -128 352 ) (-1024 -128 136 ) (-1000 -128 136 ) (-1000 -128 352 ) 
4 49 52 0 (-832 -128 136 ) (-568 -128 136 ) (-568 -128 352 ) (-832 -128 352 ) 
4 49 54 0 (-1000 -128 136 ) (-832 -128 136 ) (-832 -128 352 ) (-1000 -128 352 ) 
4 49 50 0 (-568 -128 136 ) (-320 -128 136 ) (-320 -128 352 ) (-568 -128 352 ) 
4 50 52 0 (-568 -136 352 ) (-568 -128 352 ) (-568 -128 136 ) (-568 -136 136 ) 
4 51 53 0 (-568 -760 136 ) (-568 -760 352 ) (-568 -600 352 ) (-568 -600 136 ) 
4 51 52 0 (-568 -600 352 ) (-568 -144 352 ) (-568 -144 136 ) (-568 -600 136 ) 
4 52 53 0 (-808 -600 136 ) (-568 -600 136 ) (-568 -600 352 ) (-808 -600 352 ) 
4 52 54 0 (-832 -600 352 ) (-832 -128 352 ) (-832 -128 136 ) (-832 -600 136 ) 
4 54 55 0 (-1000 -608 352 ) (-1000 -128 352 ) (-1000 -128 136 ) (-1000 -608 136 ) 
4 55 99 0 (-1024 -608 352 ) (-1024 -312 352 ) (-1024 -312 136 ) (-1024 -608 136 ) 
4 55 83 0 (-1024 -312 352 ) (-1024 -136 352 ) (-1024 -136 136 ) (-1024 -312 136 ) 
4 55 82 0 (-1024 -136 352 ) (-1024 -128 352 ) (-1024 -128 136 ) (-1024 -136 136 ) 
4 56 59 0 (0 -128 104 ) (-304 -128 104 ) (-304 0 104 ) (0 0 104 ) 
4 57 60 0 (-680 -128 104 ) (-688 -128 104 ) (-688 0 104 ) (-680 0 104 ) 
4 57 58 0 (-688 0 104 ) (-688 -48 104 ) (-688 -48 136 ) (-688 0 136 ) 
4 58 76 0 (-1024 -48 136 ) (-1024 0 136 ) (-1024 0 104 ) (-1024 -48 104 ) 
4 58 60 0 (-1024 -48 104 ) (-1024 0 104 ) (-688 0 104 ) (-688 -48 104 ) 
4 59 61 0 (-672 0 0 ) (0 0 0 ) (0 -128 0 ) (-672 -128 0 ) 
4 60 77 0 (-1024 -48 0 ) (-1024 -128 0 ) (-1024 -128 104 ) (-1024 -48 104 ) 
4 60 76 0 (-1024 0 104 ) (-1024 0 0 ) (-1024 -48 0 ) (-1024 -48 104 ) 
4 60 62 0 (-1024 -128 0 ) (-1024 0 0 ) (-680 0 0 ) (-680 -128 0 ) 
4 62 100 0 (-1024 -128 -32 ) (-1024 -128 0 ) (-1024 0 0 ) (-1024 0 -32 ) 
4 63 74 0 (-1536 520 0 ) (-1024 520 0 ) (-1024 512 0 ) (-1536 512 0 ) 
4 63 71 0 (-1024 512 136 ) (-1024 512 160 ) (-1536 512 160 ) (-1536 512 136 ) 
4 63 67 0 (-1328 512 296 ) (-1536 512 296 ) (-1536 512 176 ) (-1328 512 176 ) 
4 63 66 0 (-1096 512 296 ) (-1152 512 296 ) (-1152 512 176 ) (-1096 512 176 ) 
4 63 68 0 (-1024 512 160 ) (-1024 512 176 ) (-1536 512 176 ) (-1536 512 160 ) 
4 63 65 0 (-1024 512 296 ) (-1024 512 312 ) (-1536 512 312 ) (-1536 512 296 ) 
4 63 73 0 (-1536 512 0 ) (-1024 512 0 ) (-1024 512 104 ) (-1536 512 104 ) 
4 63 64 0 (-1024 512 312 ) (-1024 512 376 ) (-1536 512 376 ) (-1536 512 312 ) 
4 64 79 0 (-1528 0 376 ) (-1536 0 376 ) (-1536 0 312 ) (-1528 0 312 ) 
4 64 78 0 (-1504 0 376 ) (-1528 0 376 ) (-1528 0 312 ) (-1504 0 312 ) 
4 64 75 0 (-1024 0 312 ) (-1024 0 376 ) (-1504 0 376 ) (-1504 0 312 ) 
4 64 70 0 (-1024 0 312 ) (-1528 0 312 ) (-1528 416 312 ) (-1024 416 312 ) 
4 64 69 0 (-1536 416 312 ) (-1536 504 312 ) (-1024 504 312 ) (-1024 416 312 ) 
4 64 65 0 (-1536 504 312 ) (-1536 512 312 ) (-1024 512 312 ) (-1024 504 312 ) 
4 65 69 0 (-1024 504 296 ) (-1024 504 312 ) (-1536 504 312 ) (-1536 504 296 ) 
4 65 67 0 (-1328 504 296 ) (-1536 504 296 ) (-1536 512 296 ) (-1328 512 296 ) 
4 65 66 0 (-1096 504 296 ) (-1152 504 296 ) (-1152 512 296 ) (-1096 512 296 ) 
4 66 69 0 (-1096 504 296 ) (-1152 504 296 ) (-1152 504 176 ) (-1096 504 176 ) 
4 66 68 0 (-1096 504 176 ) (-1152 504 176 ) (-1152 512 176 ) (-1096 512 176 ) 
4 67 69 0 (-1328 504 296 ) (-1536 504 296 ) (-1536 504 176 ) (-1328 504 176 ) 
4 67 68 0 (-1328 504 176 ) (-1536 504 176 ) (-1536 512 176 ) (-1328 512 176 ) 
4 68 71 0 (-1536 504 160 ) (-1536 512 160 ) (-1024 512 160 ) (-1024 504 160 ) 
4 68 69 0 (-1536 504 160 ) (-1024 504 160 ) (-1024 504 176 ) (-1536 504 176 ) 
4 69 71 0 (-1536 416 160 ) (-1536 504 160 ) (-1024 504 160 ) (-1024 416 160 ) 
4 69 70 0 (-1528 416 160 ) (-1024 416 160 ) (-1024 416 312 ) (-1528 416 312 ) 
4 70 78 0 (-1504 0 312 ) (-1528 0 312 ) (-1528 0 160 ) (-1504 0 160 ) 
4 70 75 0 (-1024 0 160 ) (-1024 0 312 ) (-1504 0 312 ) (-1504 0 160 ) 
4 70 71 0 (-1528 352 160 ) (-1528 416 160 ) (-1024 416 160 ) (-1024 352 160 ) 
4 70 72 0 (-1024 0 160 ) (-1528 0 160 ) (-1528 352 160 ) (-1024 352 160 ) 
4 71 72 0 (-1024 352 136 ) (-1024 352 160 ) (-1536 352 160 ) (-1536 352 136 ) 
4 72 80 0 (-1528 0 160 ) (-1536 0 160 ) (-1536 0 104 ) (-1528 0 104 ) 
4 72 78 0 (-1504 0 160 ) (-1528 0 160 ) (-1528 0 104 ) (-1504 0 104 ) 
4 72 76 0 (-1024 0 104 ) (-1024 0 136 ) (-1504 0 136 ) (-1504 0 104 ) 
4 72 75 0 (-1024 0 136 ) (-1024 0 160 ) (-1504 0 160 ) (-1504 0 136 ) 
4 72 73 0 (-1024 0 104 ) (-1536 0 104 ) (-1536 352 104 ) (-1024 352 104 ) 
4 73 80 0 (-1536 0 0 ) (-1528 0 0 ) (-1528 0 104 ) (-1536 0 104 ) 
4 73 78 0 (-1528 0 0 ) (-1504 0 0 ) (-1504 0 104 ) (-1528 0 104 ) 
4 73 76 0 (-1504 0 0 ) (-1024 0 0 ) (-1024 0 104 ) (-1504 0 104 ) 
4 73 74 0 (-1024 0 0 ) (-1536 0 0 ) (-1536 512 0 ) (-1024 512 0 ) 
4 74 100 0 (-1024 0 -32 ) (-1024 0 0 ) (-1536 0 0 ) (-1536 0 -32 ) 
4 75 82 0 (-1024 -128 136 ) (-1024 -128 352 ) (-1504 -128 352 ) (-1504 -128 136 ) 
4 75 78 0 (-1504 -128 136 ) (-1504 -128 376 ) (-1504 0 376 ) (-1504 0 136 ) 
4 75 76 0 (-1504 -48 136 ) (-1504 0 136 ) (-1024 0 136 ) (-1024 -48 136 ) 
4 76 100 0 (-1504 0 0 ) (-1024 0 0 ) (-1024 -48 0 ) (-1504 -48 0 ) 
4 76 78 0 (-1504 0 0 ) (-1504 -48 0 ) (-1504 -48 136 ) (-1504 0 136 ) 
4 76 77 0 (-1504 -48 104 ) (-1504 -48 0 ) (-1024 -48 0 ) (-1024 -48 104 ) 
4 77 100 0 (-1024 -48 0 ) (-1024 -128 0 ) (-1504 -128 0 ) (-1504 -48 0 ) 
4 77 82 0 (-1504 -128 0 ) (-1024 -128 0 ) (-1024 -128 104 ) (-1504 -128 104 ) 
4 77 78 0 (-1504 -48 0 ) (-1504 -128 0 ) (-1504 -128 104 ) (-1504 -48 104 ) 
4 78 100 0 (-1528 0 0 ) (-1504 0 0 ) (-1504 -128 0 ) (-1528 -128 0 ) 
4 78 82 0 (-1528 -128 0 ) (-1504 -128 0 ) (-1504 -128 352 ) (-1528 -128 352 ) 
4 78 80 0 (-1528 0 0 ) (-1528 -32 0 ) (-1528 -32 160 ) (-1528 0 160 ) 
4 78 81 0 (-1528 -32 0 ) (-1528 -128 0 ) (-1528 -128 312 ) (-1528 -32 312 ) 
4 78 79 0 (-1528 -128 312 ) (-1528 -128 376 ) (-1528 0 376 ) (-1528 0 312 ) 
4 79 82 0 (-1528 -128 312 ) (-1528 -128 352 ) (-1536 -128 352 ) (-1536 -128 312 ) 
4 79 81 0 (-1536 -128 312 ) (-1536 -32 312 ) (-1528 -32 312 ) (-1528 -128 312 ) 
4 80 100 0 (-1536 0 0 ) (-1528 0 0 ) (-1528 -32 0 ) (-1536 -32 0 ) 
4 80 81 0 (-1528 -32 0 ) (-1528 -32 160 ) (-1536 -32 160 ) (-1536 -32 0 ) 
4 81 100 0 (-1528 -32 0 ) (-1528 -128 0 ) (-1536 -128 0 ) (-1536 -32 0 ) 
4 81 82 0 (-1536 -128 0 ) (-1528 -128 0 ) (-1528 -128 312 ) (-1536 -128 312 ) 
4 82 100 0 (-1024 -128 0 ) (-1024 -136 0 ) (-1536 -136 0 ) (-1536 -128 0 ) 
4 82 98 0 (-1536 -136 0 ) (-1272 -136 0 ) (-1272 -136 8 ) (-1536 -136 8 ) 
4 82 94 0 (-1184 -136 56 ) (-1184 -136 72 ) (-1224 -136 72 ) (-1224 -136 56 ) 
4 82 95 0 (-1240 -136 72 ) (-1240 -136 40 ) (-1224 -136 40 ) (-1224 -136 72 ) 
4 82 93 0 (-1168 -136 88 ) (-1240 -136 88 ) (-1240 -136 72 ) (-1168 -136 72 ) 
4 82 96 0 (-1240 -136 88 ) (-1256 -136 88 ) (-1256 -136 24 ) (-1240 -136 24 ) 
4 82 92 0 (-1152 -136 88 ) (-1152 -136 352 ) (-1256 -136 352 ) (-1256 -136 88 ) 
4 82 97 0 (-1256 -136 352 ) (-1536 -136 352 ) (-1536 -136 8 ) (-1256 -136 8 ) 
4 82 91 0 (-1152 -136 0 ) (-1136 -136 0 ) (-1136 -136 8 ) (-1152 -136 8 ) 
4 82 90 0 (-1136 -136 104 ) (-1136 -136 352 ) (-1152 -136 352 ) (-1152 -136 104 ) 
4 82 88 0 (-1120 -136 120 ) (-1120 -136 352 ) (-1136 -136 352 ) (-1136 -136 120 ) 
4 82 89 0 (-1136 -136 0 ) (-1120 -136 0 ) (-1120 -136 24 ) (-1136 -136 24 ) 
4 82 86 0 (-1104 -136 56 ) (-1104 -136 40 ) (-1088 -136 40 ) (-1088 -136 56 ) 
4 82 84 0 (-1024 -136 72 ) (-1024 -136 88 ) (-1072 -136 88 ) (-1072 -136 72 ) 
4 82 85 0 (-1024 -136 40 ) (-1024 -136 72 ) (-1088 -136 72 ) (-1088 -136 40 ) 
4 82 83 0 (-1024 -136 136 ) (-1024 -136 352 ) (-1120 -136 352 ) (-1120 -136 136 ) 
4 82 87 0 (-1120 -136 0 ) (-1024 -136 0 ) (-1024 -136 40 ) (-1120 -136 40 ) 
4 83 99 0 (-1024 -312 136 ) (-1024 -312 352 ) (-1120 -312 352 ) (-1120 -312 136 ) 
4 83 88 0 (-1120 -312 136 ) (-1120 -312 352 ) (-1120 -136 352 ) (-1120 -136 136 ) 
4 84 99 0 (-1024 -312 72 ) (-1024 -312 88 ) (-1072 -312 88 ) (-1072 -312 72 ) 
4 84 85 0 (-1024 -312 72 ) (-1072 -312 72 ) (-1072 -136 72 ) (-1024 -136 72 ) 
4 85 99 0 (-1024 -312 40 ) (-1024 -312 72 ) (-1088 -312 72 ) (-1088 -312 40 ) 
4 85 86 0 (-1088 -136 40 ) (-1088 -312 40 ) (-1088 -312 56 ) (-1088 -136 56 ) 
4 85 87 0 (-1024 -312 40 ) (-1088 -312 40 ) (-1088 -136 40 ) (-1024 -136 40 ) 
4 86 99 0 (-1104 -312 56 ) (-1104 -312 40 ) (-1088 -312 40 ) (-1088 -312 56 ) 
4 86 87 0 (-1088 -312 40 ) (-1104 -312 40 ) (-1104 -136 40 ) (-1088 -136 40 ) 
4 87 101 0 (-1024 -136 0 ) (-1024 -312 0 ) (-1120 -312 0 ) (-1120 -136 0 ) 
4 87 99 0 (-1120 -312 0 ) (-1024 -312 0 ) (-1024 -312 40 ) (-1120 -312 40 ) 
4 87 89 0 (-1120 -312 0 ) (-1120 -312 24 ) (-1120 -136 24 ) (-1120 -136 0 ) 
4 88 99 0 (-1120 -312 120 ) (-1120 -312 352 ) (-1136 -312 352 ) (-1136 -312 120 ) 
4 88 90 0 (-1136 -312 120 ) (-1136 -312 352 ) (-1136 -136 352 ) (-1136 -136 120 ) 
4 89 101 0 (-1120 -312 0 ) (-1136 -312 0 ) (-1136 -136 0 ) (-1120 -136 0 ) 
4 89 99 0 (-1136 -312 0 ) (-1120 -312 0 ) (-1120 -312 24 ) (-1136 -312 24 ) 
4 89 91 0 (-1136 -312 0 ) (-1136 -312 8 ) (-1136 -136 8 ) (-1136 -136 0 ) 
4 90 99 0 (-1136 -312 104 ) (-1136 -312 352 ) (-1152 -312 352 ) (-1152 -312 104 ) 
4 90 92 0 (-1152 -136 352 ) (-1152 -136 104 ) (-1152 -312 104 ) (-1152 -312 352 ) 
4 91 101 0 (-1136 -312 0 ) (-1152 -312 0 ) (-1152 -136 0 ) (-1136 -136 0 ) 
4 91 99 0 (-1152 -312 0 ) (-1136 -312 0 ) (-1136 -312 8 ) (-1152 -312 8 ) 
4 92 99 0 (-1152 -312 88 ) (-1152 -312 352 ) (-1256 -312 352 ) (-1256 -312 88 ) 
4 92 93 0 (-1240 -136 88 ) (-1168 -136 88 ) (-1168 -312 88 ) (-1240 -312 88 ) 
4 92 96 0 (-1256 -312 88 ) (-1256 -136 88 ) (-1240 -136 88 ) (-1240 -312 88 ) 
4 92 97 0 (-1256 -312 88 ) (-1256 -312 352 ) (-1256 -136 352 ) (-1256 -136 88 ) 
4 93 99 0 (-1168 -312 88 ) (-1240 -312 88 ) (-1240 -312 72 ) (-1168 -312 72 ) 
4 93 94 0 (-1224 -136 72 ) (-1184 -136 72 ) (-1184 -312 72 ) (-1224 -312 72 ) 
4 93 95 0 (-1240 -312 72 ) (-1240 -136 72 ) (-1224 -136 72 ) (-1224 -312 72 ) 
4 93 96 0 (-1240 -312 72 ) (-1240 -312 88 ) (-1240 -136 88 ) (-1240 -136 72 ) 
4 94 99 0 (-1184 -312 56 ) (-1184 -312 72 ) (-1224 -312 72 ) (-1224 -312 56 ) 
4 94 95 0 (-1224 -312 56 ) (-1224 -312 72 ) (-1224 -136 72 ) (-1224 -136 56 ) 
4 95 99 0 (-1240 -312 72 ) (-1240 -312 40 ) (-1224 -312 40 ) (-1224 -312 72 ) 
4 95 96 0 (-1240 -312 40 ) (-1240 -312 72 ) (-1240 -136 72 ) (-1240 -136 40 ) 
4 96 99 0 (-1240 -312 88 ) (-1256 -312 88 ) (-1256 -312 24 ) (-1240 -312 24 ) 
4 96 97 0 (-1256 -312 24 ) (-1256 -312 88 ) (-1256 -136 88 ) (-1256 -136 24 ) 
4 97 99 0 (-1256 -312 352 ) (-1536 -312 352 ) (-1536 -312 8 ) (-1256 -312 8 ) 
4 97 98 0 (-1536 -312 8 ) (-1536 -136 8 ) (-1272 -136 8 ) (-1272 -312 8 ) 
4 98 102 0 (-1272 -312 0 ) (-1536 -312 0 ) (-1536 -136 0 ) (-1272 -136 0 ) 
4 98 99 0 (-1536 -312 0 ) (-1272 -312 0 ) (-1272 -312 8 ) (-1536 -312 8 ) 
4 99 107 0 (-1024 -312 0 ) (-1024 -760 0 ) (-1536 -760 0 ) (-1536 -312 0 ) 
4 100 106 0 (-1536 -136 -32 ) (-1304 -136 -32 ) (-1304 -136 -24 ) (-1536 -136 -24 ) 
4 100 105 0 (-1184 -136 -32 ) (-1024 -136 -32 ) (-1024 -136 -24 ) (-1184 -136 -24 ) 
4 100 103 0 (-1024 -136 -24 ) (-1024 -136 -8 ) (-1168 -136 -8 ) (-1168 -136 -24 ) 
4 100 104 0 (-1288 -136 -8 ) (-1536 -136 -8 ) (-1536 -136 -24 ) (-1288 -136 -24 ) 
4 100 101 0 (-1024 -136 -8 ) (-1024 -136 0 ) (-1152 -136 0 ) (-1152 -136 -8 ) 
4 100 102 0 (-1272 -136 0 ) (-1536 -136 0 ) (-1536 -136 -8 ) (-1272 -136 -8 ) 
4 101 107 0 (-1024 -312 -8 ) (-1024 -312 0 ) (-1152 -312 0 ) (-1152 -312 -8 ) 
4 101 103 0 (-1024 -312 -8 ) (-1152 -312 -8 ) (-1152 -136 -8 ) (-1024 -136 -8 ) 
4 102 107 0 (-1272 -312 0 ) (-1536 -312 0 ) (-1536 -312 -8 ) (-1272 -312 -8 ) 
4 102 104 0 (-1288 -312 -8 ) (-1536 -312 -8 ) (-1536 -136 -8 ) (-1288 -136 -8 ) 
4 103 107 0 (-1024 -312 -24 ) (-1024 -312 -8 ) (-1168 -312 -8 ) (-1168 -312 -24 ) 
4 103 105 0 (-1024 -312 -24 ) (-1168 -312 -24 ) (-1168 -136 -24 ) (-1024 -136 -24 ) 
4 104 107 0 (-1288 -312 -8 ) (-1536 -312 -8 ) (-1536 -312 -24 ) (-1288 -312 -24 ) 
4 104 106 0 (-1304 -312 -24 ) (-1536 -312 -24 ) (-1536 -136 -24 ) (-1304 -136 -24 ) 
4 105 107 0 (-1184 -312 -32 ) (-1024 -312 -32 ) (-1024 -312 -24 ) (-1184 -312 -24 ) 
4 106 107 0 (-1536 -312 -32 ) (-1304 -312 -32 ) (-1304 -312 -24 ) (-1536 -312 -24 ) 
4 0 (256 520 376 ) (0 520 376 ) (0 0 376 ) (256 0 376 ) 
4 0 (256 520 376 ) (256 520 0 ) (0 520 0 ) (0 520 376 ) 
4 0 (256 0 0 ) (256 520 0 ) (256 520 376 ) (256 0 376 ) 
4 1 (256 0 -32 ) (0 0 -32 ) (0 520 -32 ) (256 520 -32 ) 
4 1 (256 520 -32 ) (0 520 -32 ) (0 520 0 ) (256 520 0 ) 
4 1 (256 0 0 ) (256 0 -32 ) (256 520 -32 ) (256 520 0 ) 
4 2 (0 -128 376 ) (0 -128 0 ) (256 -128 0 ) (256 -128 376 ) 
4 2 (256 -128 376 ) (256 -128 0 ) (256 0 0 ) (256 0 376 ) 
4 2 (256 0 376 ) (0 0 376 ) (0 -128 376 ) (256 -128 376 ) 
4 3 (256 -128 -32 ) (256 -128 0 ) (0 -128 0 ) (0 -128 -32 ) 
4 3 (256 -128 -32 ) (256 0 -32 ) (256 0 0 ) (256 -128 0 ) 
4 3 (256 -128 -32 ) (0 -128 -32 ) (0 0 -32 ) (256 0 -32 ) 
4 4 (-328 520 104 ) (-304 520 104 ) (-304 512 104 ) (-328 512 104 ) 
4 4 (-1024 512 136 ) (-1024 512 104 ) (-304 512 104 ) (-304 512 136 ) 
4 4 (-1024 512 296 ) (-1024 512 176 ) (-920 512 176 ) (-920 512 296 ) 
4 4 (0 520 376 ) (0 520 104 ) (-1024 520 104 ) (-1024 520 376 ) 
4 4 (0 520 376 ) (-1024 520 376 ) (-1024 512 376 ) (0 512 376 ) 
4 5 (-304 352 136 ) (-304 112 136 ) (-680 112 136 ) (-680 352 136 ) 
4 5 (-920 512 136 ) (-304 512 136 ) (-304 352 136 ) (-920 352 136 ) 
4 5 (-208 256 136 ) (-304 256 136 ) (-304 360 136 ) (-208 360 136 ) 
4 5 (-320 112 136 ) (-312 112 136 ) (-312 112 376 ) (-320 112 376 ) 
4 5 (-920 504 176 ) (-920 504 296 ) (-920 512 296 ) (-920 512 176 ) 
4 5 (-920 112 376 ) (0 112 376 ) (0 512 376 ) (-920 512 376 ) 
4 6 (-1024 512 296 ) (-920 512 296 ) (-920 504 296 ) (-1024 504 296 ) 
4 6 (-920 112 376 ) (-920 512 376 ) (-1024 512 376 ) (-1024 112 376 ) 
4 7 (-1024 504 136 ) (-1024 512 136 ) (-920 512 136 ) (-920 504 136 ) 
4 7 (-920 512 176 ) (-1024 512 176 ) (-1024 504 176 ) (-920 504 176 ) 
4 8 (-1024 352 136 ) (-1024 504 136 ) (-920 504 136 ) (-920 352 136 ) 
4 8 (-1024 504 176 ) (-1024 504 296 ) (-920 504 296 ) (-920 504 176 ) 
4 9 (-304 0 136 ) (-312 0 136 ) (-312 112 136 ) (-304 112 136 ) 
4 9 (0 112 376 ) (-312 112 376 ) (-312 0 376 ) (0 0 376 ) 
4 9 (-312 112 376 ) (-312 112 136 ) (-312 0 136 ) (-312 0 376 ) 
4 10 (-320 0 136 ) (-680 0 136 ) (-680 112 136 ) (-320 112 136 ) 
4 10 (-320 0 376 ) (-320 0 136 ) (-320 112 136 ) (-320 112 376 ) 
4 10 (-320 112 376 ) (-1024 112 376 ) (-1024 0 376 ) (-320 0 376 ) 
4 11 (-192 256 104 ) (-192 360 104 ) (-176 360 104 ) (-176 256 104 ) 
4 11 (-192 360 120 ) (-192 360 104 ) (-192 256 104 ) (-192 256 120 ) 
4 12 (-304 360 136 ) (-304 512 136 ) (-304 512 104 ) (-304 360 104 ) 
4 12 (-304 360 136 ) (-304 360 120 ) (-208 360 120 ) (-208 360 136 ) 
4 12 (-304 360 120 ) (-304 360 104 ) (-192 360 104 ) (-192 360 120 ) 
4 13 (-192 256 120 ) (-208 256 120 ) (-208 360 120 ) (-192 360 120 ) 
4 13 (-208 360 136 ) (-208 360 120 ) (-208 256 120 ) (-208 256 136 ) 
4 14 (-304 0 136 ) (-304 256 136 ) (-304 256 104 ) (-304 0 104 ) 
4 14 (-208 256 136 ) (-208 256 120 ) (-304 256 120 ) (-304 256 136 ) 
4 14 (-192 256 120 ) (-192 256 104 ) (-304 256 104 ) (-304 256 120 ) 
4 15 (-1024 352 136 ) (-680 352 136 ) (-680 352 104 ) (-1024 352 104 ) 
4 15 (-680 0 136 ) (-680 0 104 ) (-680 352 104 ) (-680 352 136 ) 
4 16 (-256 360 88 ) (-256 360 104 ) (-304 360 104 ) (-304 360 88 ) 
4 16 (-176 360 0 ) (-80 360 0 ) (-80 360 8 ) (-176 360 8 ) 
4 16 (-96 360 24 ) (-192 360 24 ) (-192 360 8 ) (-96 360 8 ) 
4 16 (-112 360 40 ) (-208 360 40 ) (-208 360 24 ) (-112 360 24 ) 
4 16 (-128 360 56 ) (-224 360 56 ) (-224 360 40 ) (-128 360 40 ) 
4 16 (-144 360 72 ) (-240 360 72 ) (-240 360 56 ) (-144 360 56 ) 
4 16 (-176 360 104 ) (-256 360 104 ) (-256 360 88 ) (-176 360 88 ) 
4 16 (-256 360 88 ) (-256 360 72 ) (-160 360 72 ) (-160 360 88 ) 
4 16 (-304 520 104 ) (-304 520 0 ) (-304 360 0 ) (-304 360 104 ) 
4 16 (-304 520 104 ) (0 520 104 ) (0 520 0 ) (-304 520 0 ) 
4 17 (-328 360 104 ) (-328 512 104 ) (-1024 512 104 ) (-1024 360 104 ) 
4 17 (-1024 520 104 ) (-328 520 104 ) (-328 520 0 ) (-1024 520 0 ) 
4 17 (-328 360 104 ) (-328 360 0 ) (-328 520 0 ) (-328 520 104 ) 
4 18 (-144 256 72 ) (-160 256 72 ) (-160 360 72 ) (-144 360 72 ) 
4 18 (-160 360 88 ) (-160 360 72 ) (-160 256 72 ) (-160 256 88 ) 
4 19 (-176 360 88 ) (-160 360 88 ) (-160 256 88 ) (-176 256 88 ) 
4 19 (-176 360 104 ) (-176 360 88 ) (-176 256 88 ) (-176 256 104 ) 
4 20 (-128 256 56 ) (-144 256 56 ) (-144 360 56 ) (-128 360 56 ) 
4 20 (-144 360 56 ) (-144 256 56 ) (-144 256 72 ) (-144 360 72 ) 
4 21 (-240 360 72 ) (-240 256 72 ) (-240 256 56 ) (-240 360 56 ) 
4 21 (-240 360 72 ) (-256 360 72 ) (-256 256 72 ) (-240 256 72 ) 
4 22 (-112 256 40 ) (-128 256 40 ) (-128 360 40 ) (-112 360 40 ) 
4 22 (-128 360 40 ) (-128 256 40 ) (-128 256 56 ) (-128 360 56 ) 
4 23 (-224 360 56 ) (-224 256 56 ) (-224 256 40 ) (-224 360 40 ) 
4 23 (-224 360 56 ) (-240 360 56 ) (-240 256 56 ) (-224 256 56 ) 
4 24 (-96 256 24 ) (-112 256 24 ) (-112 360 24 ) (-96 360 24 ) 
4 24 (-112 360 24 ) (-112 256 24 ) (-112 256 40 ) (-112 360 40 ) 
4 25 (-208 360 40 ) (-208 256 40 ) (-208 256 24 ) (-208 360 24 ) 
4 25 (-208 360 40 ) (-224 360 40 ) (-224 256 40 ) (-208 256 40 ) 
4 26 (-80 256 8 ) (-96 256 8 ) (-96 360 8 ) (-80 360 8 ) 
4 26 (-96 360 8 ) (-96 256 8 ) (-96 256 24 ) (-96 360 24 ) 
4 27 (-192 360 24 ) (-208 360 24 ) (-208 256 24 ) (-192 256 24 ) 
4 27 (-192 360 24 ) (-192 256 24 ) (-192 256 8 ) (-192 360 8 ) 
4 28 (-80 256 0 ) (-80 256 8 ) (-80 360 8 ) (-80 360 0 ) 
4 29 (-176 360 8 ) (-192 360 8 ) (-192 256 8 ) (-176 256 8 ) 
4 29 (-176 360 0 ) (-176 360 8 ) (-176 256 8 ) (-176 256 0 ) 
4 30 (-304 360 88 ) (-304 360 0 ) (-304 328 0 ) (-304 328 88 ) 
4 30 (-256 256 88 ) (-256 256 72 ) (-256 360 72 ) (-256 360 88 ) 
4 30 (-256 256 88 ) (-256 360 88 ) (-304 360 88 ) (-304 256 88 ) 
4 31 (-304 328 104 ) (-304 256 104 ) (-304 256 88 ) (-304 328 88 ) 
4 31 (-328 328 104 ) (-328 256 104 ) (-304 256 104 ) (-304 328 104 ) 
4 31 (-304 328 104 ) (-304 328 0 ) (-328 328 0 ) (-328 328 104 ) 
4 32 (-328 328 104 ) (-328 328 0 ) (-328 360 0 ) (-328 360 104 ) 
4 32 (-328 352 104 ) (-328 360 104 ) (-1024 360 104 ) (-1024 352 104 ) 
4 32 (-328 256 104 ) (-328 352 104 ) (-680 352 104 ) (-680 256 104 ) 
4 33 (-680 160 0 ) (-672 160 0 ) (-672 160 104 ) (-680 160 104 ) 
4 33 (-304 160 104 ) (-304 256 104 ) (-680 256 104 ) (-680 160 104 ) 
4 33 (-160 256 88 ) (-160 256 72 ) (-256 256 72 ) (-256 256 88 ) 
4 33 (-176 256 88 ) (-256 256 88 ) (-256 256 104 ) (-176 256 104 ) 
4 33 (-144 256 56 ) (-240 256 56 ) (-240 256 72 ) (-144 256 72 ) 
4 33 (-128 256 40 ) (-224 256 40 ) (-224 256 56 ) (-128 256 56 ) 
4 33 (-112 256 24 ) (-208 256 24 ) (-208 256 40 ) (-112 256 40 ) 
4 33 (-96 256 8 ) (-192 256 8 ) (-192 256 24 ) (-96 256 24 ) 
4 33 (-176 256 8 ) (-80 256 8 ) (-80 256 0 ) (-176 256 0 ) 
4 33 (-304 256 88 ) (-304 256 104 ) (-256 256 104 ) (-256 256 88 ) 
4 34 (-304 160 104 ) (-672 160 104 ) (-672 0 104 ) (-304 0 104 ) 
4 34 (-672 160 104 ) (-672 160 0 ) (-672 0 0 ) (-672 0 104 ) 
4 35 (-680 0 104 ) (-680 0 0 ) (-680 160 0 ) (-680 160 104 ) 
4 36 (-48 360 -32 ) (-48 256 -32 ) (-48 256 -24 ) (-48 360 -24 ) 
4 36 (-48 520 0 ) (0 520 0 ) (0 520 -32 ) (-48 520 -32 ) 
4 36 (0 256 -32 ) (-48 256 -32 ) (-48 520 -32 ) (0 520 -32 ) 
4 37 (-304 520 0 ) (-304 520 -32 ) (-304 360 -32 ) (-304 360 0 ) 
4 37 (-144 360 -32 ) (-48 360 -32 ) (-48 360 -24 ) (-144 360 -24 ) 
4 37 (-160 360 -24 ) (-64 360 -24 ) (-64 360 -8 ) (-160 360 -8 ) 
4 37 (-176 360 -8 ) (-80 360 -8 ) (-80 360 0 ) (-176 360 0 ) 
4 37 (-304 520 0 ) (-48 520 0 ) (-48 520 -32 ) (-304 520 -32 ) 
4 37 (-304 360 -32 ) (-304 520 -32 ) (-48 520 -32 ) (-48 360 -32 ) 
4 38 (-80 360 -8 ) (-64 360 -8 ) (-64 256 -8 ) (-80 256 -8 ) 
4 38 (-80 360 0 ) (-80 360 -8 ) (-80 256 -8 ) (-80 256 0 ) 
4 39 (-304 328 0 ) (-304 360 0 ) (-304 360 -8 ) (-304 328 -8 ) 
4 39 (-176 256 0 ) (-176 256 -8 ) (-176 360 -8 ) (-176 360 0 ) 
4 40 (-64 360 -24 ) (-48 360 -24 ) (-48 256 -24 ) (-64 256 -24 ) 
4 40 (-64 360 -24 ) (-64 256 -24 ) (-64 256 -8 ) (-64 360 -8 ) 
4 41 (-304 328 -8 ) (-304 360 -8 ) (-304 360 -24 ) (-304 328 -24 ) 
4 41 (-176 256 -8 ) (-160 256 -8 ) (-160 360 -8 ) (-176 360 -8 ) 
4 41 (-160 360 -8 ) (-160 256 -8 ) (-160 256 -24 ) (-160 360 -24 ) 
4 42 (-304 360 -32 ) (-304 328 -32 ) (-304 328 -24 ) (-304 360 -24 ) 
4 42 (-144 256 -32 ) (-304 256 -32 ) (-304 360 -32 ) (-144 360 -32 ) 
4 42 (-160 256 -24 ) (-144 256 -24 ) (-144 360 -24 ) (-160 360 -24 ) 
4 42 (-144 256 -32 ) (-144 360 -32 ) (-144 360 -24 ) (-144 256 -24 ) 
4 43 (-304 256 -32 ) (-328 256 -32 ) (-328 328 -32 ) (-304 328 -32 ) 
4 43 (-304 328 0 ) (-304 328 -32 ) (-328 328 -32 ) (-328 328 0 ) 
4 44 (-328 328 0 ) (-328 328 -32 ) (-328 520 -32 ) (-328 520 0 ) 
4 44 (-1024 520 0 ) (-328 520 0 ) (-328 520 -32 ) (-1024 520 -32 ) 
4 44 (-328 256 -32 ) (-1024 256 -32 ) (-1024 520 -32 ) (-328 520 -32 ) 
4 45 (-680 160 -32 ) (-672 160 -32 ) (-672 160 0 ) (-680 160 0 ) 
4 45 (-1024 160 -32 ) (-1024 256 -32 ) (0 256 -32 ) (0 160 -32 ) 
4 45 (-144 256 -24 ) (-48 256 -24 ) (-48 256 -32 ) (-144 256 -32 ) 
4 45 (-160 256 -8 ) (-64 256 -8 ) (-64 256 -24 ) (-160 256 -24 ) 
4 45 (-80 256 -8 ) (-176 256 -8 ) (-176 256 0 ) (-80 256 0 ) 
4 46 (0 0 -32 ) (-672 0 -32 ) (-672 160 -32 ) (0 160 -32 ) 
4 46 (-672 160 0 ) (-672 160 -32 ) (-672 0 -32 ) (-672 0 0 ) 
4 47 (-680 0 0 ) (-680 0 -32 ) (-680 160 -32 ) (-680 160 0 ) 
4 47 (-680 0 -32 ) (-1024 0 -32 ) (-1024 160 -32 ) (-680 160 -32 ) 
4 48 (-312 0 136 ) (-304 0 136 ) (-304 -128 136 ) (-312 -128 136 ) 
4 48 (-312 -128 136 ) (0 -128 136 ) (0 -128 376 ) (-312 -128 376 ) 
4 48 (0 0 376 ) (-312 0 376 ) (-312 -128 376 ) (0 -128 376 ) 
4 48 (-312 0 136 ) (-312 -128 136 ) (-312 -128 376 ) (-312 0 376 ) 
4 49 (-1024 -128 136 ) (-1024 -48 136 ) (-688 -48 136 ) (-688 -128 136 ) 
4 49 (-680 0 136 ) (-320 0 136 ) (-320 -128 136 ) (-680 -128 136 ) 
4 49 (-1024 -128 376 ) (-1024 -128 352 ) (-320 -128 352 ) (-320 -128 376 ) 
4 49 (-320 0 376 ) (-320 -128 376 ) (-320 -128 136 ) (-320 0 136 ) 
4 49 (-320 0 376 ) (-1024 0 376 ) (-1024 -128 376 ) (-320 -128 376 ) 
4 50 (-568 -128 136 ) (-320 -128 136 ) (-320 -136 136 ) (-568 -136 136 ) 
4 50 (-568 -136 352 ) (-568 -136 136 ) (-320 -136 136 ) (-320 -136 352 ) 
4 50 (-568 -136 352 ) (-320 -136 352 ) (-320 -128 352 ) (-568 -128 352 ) 
4 50 (-320 -136 352 ) (-320 -136 136 ) (-320 -128 136 ) (-320 -128 352 ) 
4 51 (-320 -144 136 ) (-320 -760 136 ) (-568 -760 136 ) (-568 -144 136 ) 
4 51 (-568 -760 136 ) (-320 -760 136 ) (-320 -760 352 ) (-568 -760 352 ) 
4 51 (-320 -144 352 ) (-320 -760 352 ) (-320 -760 136 ) (-320 -144 136 ) 
4 51 (-568 -144 352 ) (-568 -760 352 ) (-320 -760 352 ) (-320 -144 352 ) 
4 51 (-320 -144 352 ) (-320 -144 136 ) (-568 -144 136 ) (-568 -144 352 ) 
4 52 (-832 -128 136 ) (-568 -128 136 ) (-568 -600 136 ) (-832 -600 136 ) 
4 52 (-832 -600 352 ) (-832 -600 136 ) (-808 -600 136 ) (-808 -600 352 ) 
4 52 (-832 -600 352 ) (-568 -600 352 ) (-568 -128 352 ) (-832 -128 352 ) 
4 52 (-568 -144 136 ) (-568 -136 136 ) (-568 -136 352 ) (-568 -144 352 ) 
4 53 (-568 -600 136 ) (-568 -760 136 ) (-808 -760 136 ) (-808 -600 136 ) 
4 53 (-808 -760 136 ) (-568 -760 136 ) (-568 -760 352 ) (-808 -760 352 ) 
4 53 (-808 -600 352 ) (-808 -760 352 ) (-568 -760 352 ) (-568 -600 352 ) 
4 53 (-808 -600 352 ) (-808 -600 136 ) (-808 -760 136 ) (-808 -760 352 ) 
4 54 (-1000 -128 136 ) (-832 -128 136 ) (-832 -760 136 ) (-1000 -760 136 ) 
4 54 (-1000 -760 136 ) (-1000 -760 352 ) (-1000 -608 352 ) (-1000 -608 136 ) 
4 54 (-832 -600 136 ) (-832 -600 352 ) (-832 -760 352 ) (-832 -760 136 ) 
4 54 (-1000 -760 136 ) (-832 -760 136 ) (-832 -760 352 ) (-1000 -760 352 ) 
4 54 (-1000 -760 352 ) (-832 -760 352 ) (-832 -128 352 ) (-1000 -128 352 ) 
4 55 (-1024 -608 136 ) (-1024 -128 136 ) (-1000 -128 136 ) (-1000 -608 136 ) 
4 55 (-1000 -608 352 ) (-1000 -128 352 ) (-1024 -128 352 ) (-1024 -608 352 ) 
4 55 (-1024 -608 136 ) (-1000 -608 136 ) (-1000 -608 352 ) (-1024 -608 352 ) 
4 56 (-304 0 104 ) (-304 -128 104 ) (-304 -128 136 ) (-304 0 136 ) 
4 56 (0 -128 104 ) (0 -128 136 ) (-304 -128 136 ) (-304 -128 104 ) 
4 57 (-688 -48 104 ) (-688 -128 104 ) (-688 -128 136 ) (-688 -48 136 ) 
4 57 (-680 -128 136 ) (-688 -128 136 ) (-688 -128 104 ) (-680 -128 104 ) 
4 57 (-680 0 136 ) (-680 -128 136 ) (-680 -128 104 ) (-680 0 104 ) 
4 58 (-1024 -48 104 ) (-688 -48 104 ) (-688 -48 136 ) (-1024 -48 136 ) 
4 59 (-304 0 104 ) (-672 0 104 ) (-672 -128 104 ) (-304 -128 104 ) 
4 59 (-672 -128 0 ) (0 -128 0 ) (0 -128 104 ) (-672 -128 104 ) 
4 59 (-672 0 0 ) (-672 -128 0 ) (-672 -128 104 ) (-672 0 104 ) 
4 60 (-680 0 104 ) (-680 -128 104 ) (-680 -128 0 ) (-680 0 0 ) 
4 60 (-1024 -128 0 ) (-680 -128 0 ) (-680 -128 104 ) (-1024 -128 104 ) 
4 60 (-688 -48 104 ) (-1024 -48 104 ) (-1024 -128 104 ) (-688 -128 104 ) 
4 61 (-672 0 -32 ) (-672 -128 -32 ) (-672 -128 0 ) (-672 0 0 ) 
4 61 (0 -128 -32 ) (-672 -128 -32 ) (-672 0 -32 ) (0 0 -32 ) 
4 61 (0 -128 -32 ) (0 -128 0 ) (-672 -128 0 ) (-672 -128 -32 ) 
4 62 (-680 -128 0 ) (-1024 -128 0 ) (-1024 -128 -32 ) (-680 -128 -32 ) 
4 62 (-680 -128 -32 ) (-1024 -128 -32 ) (-1024 0 -32 ) (-680 0 -32 ) 
4 62 (-680 0 0 ) (-680 -128 0 ) (-680 -128 -32 ) (-680 0 -32 ) 
4 63 (-1024 512 104 ) (-1024 512 136 ) (-1536 512 136 ) (-1536 512 104 ) 
4 63 (-1152 512 296 ) (-1328 512 296 ) (-1328 512 176 ) (-1152 512 176 ) 
4 63 (-1024 512 176 ) (-1024 512 296 ) (-1096 512 296 ) (-1096 512 176 ) 
4 63 (-1536 520 376 ) (-1536 520 0 ) (-1536 512 0 ) (-1536 512 376 ) 
4 63 (-1536 520 376 ) (-1024 520 376 ) (-1024 520 0 ) (-1536 520 0 ) 
4 63 (-1024 520 376 ) (-1536 520 376 ) (-1536 512 376 ) (-1024 512 376 ) 
4 64 (-1528 0 312 ) (-1536 0 312 ) (-1536 416 312 ) (-1528 416 312 ) 
4 64 (-1536 0 376 ) (-1536 512 376 ) (-1536 512 312 ) (-1536 0 312 ) 
4 64 (-1024 512 376 ) (-1536 512 376 ) (-1536 0 376 ) (-1024 0 376 ) 
4 65 (-1152 504 296 ) (-1328 504 296 ) (-1328 512 296 ) (-1152 512 296 ) 
4 65 (-1024 504 296 ) (-1096 504 296 ) (-1096 512 296 ) (-1024 512 296 ) 
4 65 (-1536 512 312 ) (-1536 512 296 ) (-1536 504 296 ) (-1536 504 312 ) 
4 66 (-1152 512 176 ) (-1152 504 176 ) (-1152 504 296 ) (-1152 512 296 ) 
4 66 (-1096 512 296 ) (-1096 504 296 ) (-1096 504 176 ) (-1096 512 176 ) 
4 67 (-1536 512 296 ) (-1536 512 176 ) (-1536 504 176 ) (-1536 504 296 ) 
4 67 (-1328 512 296 ) (-1328 504 296 ) (-1328 504 176 ) (-1328 512 176 ) 
4 68 (-1152 512 176 ) (-1328 512 176 ) (-1328 504 176 ) (-1152 504 176 ) 
4 68 (-1024 512 176 ) (-1096 512 176 ) (-1096 504 176 ) (-1024 504 176 ) 
4 68 (-1536 512 176 ) (-1536 512 160 ) (-1536 504 160 ) (-1536 504 176 ) 
4 69 (-1536 416 160 ) (-1528 416 160 ) (-1528 416 312 ) (-1536 416 312 ) 
4 69 (-1536 504 160 ) (-1536 416 160 ) (-1536 416 312 ) (-1536 504 312 ) 
4 69 (-1096 504 176 ) (-1096 504 296 ) (-1024 504 296 ) (-1024 504 176 ) 
4 69 (-1152 504 176 ) (-1328 504 176 ) (-1328 504 296 ) (-1152 504 296 ) 
4 70 (-1528 416 312 ) (-1528 416 160 ) (-1528 0 160 ) (-1528 0 312 ) 
4 71 (-1528 352 160 ) (-1528 416 160 ) (-1536 416 160 ) (-1536 352 160 ) 
4 71 (-1536 512 160 ) (-1536 512 136 ) (-1536 352 136 ) (-1536 352 160 ) 
4 71 (-1024 352 136 ) (-1536 352 136 ) (-1536 512 136 ) (-1024 512 136 ) 
4 72 (-1536 352 136 ) (-1024 352 136 ) (-1024 352 104 ) (-1536 352 104 ) 
4 72 (-1536 352 104 ) (-1536 0 104 ) (-1536 0 160 ) (-1536 352 160 ) 
4 72 (-1528 352 160 ) (-1536 352 160 ) (-1536 0 160 ) (-1528 0 160 ) 
4 73 (-1024 352 104 ) (-1024 512 104 ) (-1536 512 104 ) (-1536 352 104 ) 
4 73 (-1536 512 104 ) (-1536 512 0 ) (-1536 0 0 ) (-1536 0 104 ) 
4 74 (-1024 520 0 ) (-1024 520 -32 ) (-1536 520 -32 ) (-1536 520 0 ) 
4 74 (-1536 0 -32 ) (-1536 0 0 ) (-1536 520 0 ) (-1536 520 -32 ) 
4 74 (-1024 0 -32 ) (-1536 0 -32 ) (-1536 520 -32 ) (-1024 520 -32 ) 
4 75 (-1024 -128 352 ) (-1024 -128 376 ) (-1504 -128 376 ) (-1504 -128 352 ) 
4 75 (-1024 -128 136 ) (-1504 -128 136 ) (-1504 -48 136 ) (-1024 -48 136 ) 
4 75 (-1024 0 376 ) (-1504 0 376 ) (-1504 -128 376 ) (-1024 -128 376 ) 
4 76 (-1024 -48 136 ) (-1504 -48 136 ) (-1504 -48 104 ) (-1024 -48 104 ) 
4 77 (-1024 -48 104 ) (-1504 -48 104 ) (-1504 -128 104 ) (-1024 -128 104 ) 
4 78 (-1504 -128 352 ) (-1504 -128 376 ) (-1528 -128 376 ) (-1528 -128 352 ) 
4 78 (-1528 -32 160 ) (-1528 -32 312 ) (-1528 0 312 ) (-1528 0 160 ) 
4 78 (-1504 -48 104 ) (-1504 -48 136 ) (-1504 -128 136 ) (-1504 -128 104 ) 
4 78 (-1504 0 376 ) (-1528 0 376 ) (-1528 -128 376 ) (-1504 -128 376 ) 
4 79 (-1528 -128 352 ) (-1528 -128 376 ) (-1536 -128 376 ) (-1536 -128 352 ) 
4 79 (-1536 -32 312 ) (-1536 0 312 ) (-1528 0 312 ) (-1528 -32 312 ) 
4 79 (-1528 0 376 ) (-1536 0 376 ) (-1536 -128 376 ) (-1528 -128 376 ) 
4 79 (-1536 -128 312 ) (-1536 -128 376 ) (-1536 0 376 ) (-1536 0 312 ) 
4 80 (-1536 0 0 ) (-1536 -32 0 ) (-1536 -32 160 ) (-1536 0 160 ) 
4 80 (-1528 0 160 ) (-1536 0 160 ) (-1536 -32 160 ) (-1528 -32 160 ) 
4 81 (-1536 -32 160 ) (-1536 -32 312 ) (-1528 -32 312 ) (-1528 -32 160 ) 
4 81 (-1536 -32 0 ) (-1536 -128 0 ) (-1536 -128 312 ) (-1536 -32 312 ) 
4 82 (-1272 -136 0 ) (-1152 -136 0 ) (-1152 -136 8 ) (-1272 -136 8 ) 
4 82 (-1224 -136 40 ) (-1184 -136 40 ) (-1184 -136 56 ) (-1224 -136 56 ) 
4 82 (-1184 -136 40 ) (-1168 -136 40 ) (-1168 -136 72 ) (-1184 -136 72 ) 
4 82 (-1240 -136 40 ) (-1240 -136 24 ) (-1168 -136 24 ) (-1168 -136 40 ) 
4 82 (-1152 -136 24 ) (-1152 -136 88 ) (-1168 -136 88 ) (-1168 -136 24 ) 
4 82 (-1152 -136 8 ) (-1152 -136 24 ) (-1256 -136 24 ) (-1256 -136 8 ) 
4 82 (-1136 -136 8 ) (-1136 -136 104 ) (-1152 -136 104 ) (-1152 -136 8 ) 
4 82 (-1120 -136 24 ) (-1120 -136 120 ) (-1136 -136 120 ) (-1136 -136 24 ) 
4 82 (-1088 -136 88 ) (-1104 -136 88 ) (-1104 -136 56 ) (-1088 -136 56 ) 
4 82 (-1072 -136 88 ) (-1088 -136 88 ) (-1088 -136 72 ) (-1072 -136 72 ) 
4 82 (-1024 -136 88 ) (-1024 -136 136 ) (-1104 -136 136 ) (-1104 -136 88 ) 
4 82 (-1104 -136 136 ) (-1120 -136 136 ) (-1120 -136 40 ) (-1104 -136 40 ) 
4 82 (-1536 -128 352 ) (-1536 -128 0 ) (-1536 -136 0 ) (-1536 -136 352 ) 
4 82 (-1504 -128 104 ) (-1504 -128 136 ) (-1024 -128 136 ) (-1024 -128 104 ) 
4 82 (-1024 -136 0 ) (-1024 -128 0 ) (-1024 -128 136 ) (-1024 -136 136 ) 
4 82 (-1024 -128 352 ) (-1536 -128 352 ) (-1536 -136 352 ) (-1024 -136 352 ) 
4 83 (-1024 -312 136 ) (-1104 -312 136 ) (-1104 -136 136 ) (-1024 -136 136 ) 
4 83 (-1104 -312 136 ) (-1120 -312 136 ) (-1120 -136 136 ) (-1104 -136 136 ) 
4 83 (-1024 -136 352 ) (-1120 -136 352 ) (-1120 -312 352 ) (-1024 -312 352 ) 
4 84 (-1024 -136 88 ) (-1072 -136 88 ) (-1072 -312 88 ) (-1024 -312 88 ) 
4 84 (-1024 -312 88 ) (-1024 -312 72 ) (-1024 -136 72 ) (-1024 -136 88 ) 
4 84 (-1072 -136 72 ) (-1072 -312 72 ) (-1072 -312 88 ) (-1072 -136 88 ) 
4 85 (-1088 -312 56 ) (-1088 -312 72 ) (-1088 -136 72 ) (-1088 -136 56 ) 
4 85 (-1072 -136 72 ) (-1088 -136 72 ) (-1088 -312 72 ) (-1072 -312 72 ) 
4 85 (-1024 -312 72 ) (-1024 -312 40 ) (-1024 -136 40 ) (-1024 -136 72 ) 
4 86 (-1104 -136 40 ) (-1104 -312 40 ) (-1104 -312 56 ) (-1104 -136 56 ) 
4 86 (-1088 -312 56 ) (-1088 -136 56 ) (-1104 -136 56 ) (-1104 -312 56 ) 
4 87 (-1120 -312 24 ) (-1120 -312 40 ) (-1120 -136 40 ) (-1120 -136 24 ) 
4 87 (-1104 -136 40 ) (-1120 -136 40 ) (-1120 -312 40 ) (-1104 -312 40 ) 
4 87 (-1024 -312 40 ) (-1024 -312 0 ) (-1024 -136 0 ) (-1024 -136 40 ) 
4 88 (-1120 -136 120 ) (-1120 -136 136 ) (-1120 -312 136 ) (-1120 -312 120 ) 
4 88 (-1120 -136 352 ) (-1136 -136 352 ) (-1136 -312 352 ) (-1120 -312 352 ) 
4 88 (-1136 -312 120 ) (-1136 -136 120 ) (-1120 -136 120 ) (-1120 -312 120 ) 
4 89 (-1136 -312 8 ) (-1136 -312 24 ) (-1136 -136 24 ) (-1136 -136 8 ) 
4 89 (-1120 -312 24 ) (-1120 -136 24 ) (-1136 -136 24 ) (-1136 -312 24 ) 
4 90 (-1152 -312 104 ) (-1152 -136 104 ) (-1136 -136 104 ) (-1136 -312 104 ) 
4 90 (-1136 -136 352 ) (-1152 -136 352 ) (-1152 -312 352 ) (-1136 -312 352 ) 
4 90 (-1136 -136 104 ) (-1136 -136 120 ) (-1136 -312 120 ) (-1136 -312 104 ) 
4 91 (-1152 -136 8 ) (-1152 -136 0 ) (-1152 -312 0 ) (-1152 -312 8 ) 
4 91 (-1136 -312 8 ) (-1136 -136 8 ) (-1152 -136 8 ) (-1152 -312 8 ) 
4 92 (-1168 -136 88 ) (-1152 -136 88 ) (-1152 -312 88 ) (-1168 -312 88 ) 
4 92 (-1152 -312 104 ) (-1152 -312 88 ) (-1152 -136 88 ) (-1152 -136 104 ) 
4 92 (-1256 -312 352 ) (-1152 -312 352 ) (-1152 -136 352 ) (-1256 -136 352 ) 
4 93 (-1184 -136 72 ) (-1168 -136 72 ) (-1168 -312 72 ) (-1184 -312 72 ) 
4 93 (-1168 -136 72 ) (-1168 -136 88 ) (-1168 -312 88 ) (-1168 -312 72 ) 
4 94 (-1184 -136 56 ) (-1184 -136 72 ) (-1184 -312 72 ) (-1184 -312 56 ) 
4 94 (-1224 -312 56 ) (-1224 -136 56 ) (-1184 -136 56 ) (-1184 -312 56 ) 
4 95 (-1224 -136 56 ) (-1224 -312 56 ) (-1224 -312 40 ) (-1224 -136 40 ) 
4 95 (-1240 -312 40 ) (-1240 -136 40 ) (-1224 -136 40 ) (-1224 -312 40 ) 
4 96 (-1240 -136 40 ) (-1240 -312 40 ) (-1240 -312 24 ) (-1240 -136 24 ) 
4 96 (-1256 -312 24 ) (-1256 -136 24 ) (-1240 -136 24 ) (-1240 -312 24 ) 
4 97 (-1272 -136 8 ) (-1256 -136 8 ) (-1256 -312 8 ) (-1272 -312 8 ) 
4 97 (-1256 -136 24 ) (-1256 -312 24 ) (-1256 -312 8 ) (-1256 -136 8 ) 
4 97 (-1256 -312 352 ) (-1256 -136 352 ) (-1536 -136 352 ) (-1536 -312 352 ) 
4 97 (-1536 -136 352 ) (-1536 -136 8 ) (-1536 -312 8 ) (-1536 -312 352 ) 
4 98 (-1536 -136 8 ) (-1536 -136 0 ) (-1536 -312 0 ) (-1536 -312 8 ) 
4 98 (-1272 -136 0 ) (-1272 -136 8 ) (-1272 -312 8 ) (-1272 -312 0 ) 
4 99 (-1536 -760 352 ) (-1536 -760 0 ) (-1024 -760 0 ) (-1024 -760 352 ) 
4 99 (-1024 -760 0 ) (-1024 -312 0 ) (-1024 -312 136 ) (-1024 -760 136 ) 
4 99 (-1024 -760 136 ) (-1024 -608 136 ) (-1024 -608 352 ) (-1024 -760 352 ) 
4 99 (-1104 -312 40 ) (-1120 -312 40 ) (-1120 -312 136 ) (-1104 -312 136 ) 
4 99 (-1104 -312 88 ) (-1104 -312 136 ) (-1024 -312 136 ) (-1024 -312 88 ) 
4 99 (-1072 -312 72 ) (-1088 -312 72 ) (-1088 -312 88 ) (-1072 -312 88 ) 
4 99 (-1088 -312 56 ) (-1104 -312 56 ) (-1104 -312 88 ) (-1088 -312 88 ) 
4 99 (-1136 -312 24 ) (-1136 -312 120 ) (-1120 -312 120 ) (-1120 -312 24 ) 
4 99 (-1152 -312 8 ) (-1152 -312 104 ) (-1136 -312 104 ) (-1136 -312 8 ) 
4 99 (-1256 -312 8 ) (-1256 -312 24 ) (-1152 -312 24 ) (-1152 -312 8 ) 
4 99 (-1168 -312 24 ) (-1168 -312 88 ) (-1152 -312 88 ) (-1152 -312 24 ) 
4 99 (-1168 -312 40 ) (-1168 -312 24 ) (-1240 -312 24 ) (-1240 -312 40 ) 
4 99 (-1184 -312 72 ) (-1168 -312 72 ) (-1168 -312 40 ) (-1184 -312 40 ) 
4 99 (-1224 -312 56 ) (-1184 -312 56 ) (-1184 -312 40 ) (-1224 -312 40 ) 
4 99 (-1272 -312 8 ) (-1152 -312 8 ) (-1152 -312 0 ) (-1272 -312 0 ) 
4 99 (-1536 -312 352 ) (-1536 -312 0 ) (-1536 -760 0 ) (-1536 -760 352 ) 
4 99 (-1024 -312 352 ) (-1536 -312 352 ) (-1536 -760 352 ) (-1024 -760 352 ) 
4 100 (-1304 -136 -32 ) (-1184 -136 -32 ) (-1184 -136 -24 ) (-1304 -136 -24 ) 
4 100 (-1168 -136 -8 ) (-1288 -136 -8 ) (-1288 -136 -24 ) (-1168 -136 -24 ) 
4 100 (-1152 -136 0 ) (-1272 -136 0 ) (-1272 -136 -8 ) (-1152 -136 -8 ) 
4 100 (-1024 -136 -32 ) (-1024 -128 -32 ) (-1024 -128 0 ) (-1024 -136 0 ) 
4 100 (-1536 0 -32 ) (-1024 0 -32 ) (-1024 -136 -32 ) (-1536 -136 -32 ) 
4 100 (-1536 0 -32 ) (-1536 -136 -32 ) (-1536 -136 0 ) (-1536 0 0 ) 
4 101 (-1024 -312 -8 ) (-1024 -136 -8 ) (-1024 -136 0 ) (-1024 -312 0 ) 
4 101 (-1152 -136 0 ) (-1152 -136 -8 ) (-1152 -312 -8 ) (-1152 -312 0 ) 
4 102 (-1272 -312 -8 ) (-1288 -312 -8 ) (-1288 -136 -8 ) (-1272 -136 -8 ) 
4 102 (-1272 -312 0 ) (-1272 -312 -8 ) (-1272 -136 -8 ) (-1272 -136 0 ) 
4 102 (-1536 -136 0 ) (-1536 -136 -8 ) (-1536 -312 -8 ) (-1536 -312 0 ) 
4 103 (-1152 -136 -8 ) (-1168 -136 -8 ) (-1168 -312 -8 ) (-1152 -312 -8 ) 
4 103 (-1024 -312 -8 ) (-1024 -312 -24 ) (-1024 -136 -24 ) (-1024 -136 -8 ) 
4 103 (-1168 -136 -24 ) (-1168 -312 -24 ) (-1168 -312 -8 ) (-1168 -136 -8 ) 
4 104 (-1288 -312 -24 ) (-1304 -312 -24 ) (-1304 -136 -24 ) (-1288 -136 -24 ) 
4 104 (-1288 -136 -8 ) (-1288 -312 -8 ) (-1288 -312 -24 ) (-1288 -136 -24 ) 
4 104 (-1536 -136 -8 ) (-1536 -136 -24 ) (-1536 -312 -24 ) (-1536 -312 -8 ) 
4 105 (-1184 -312 -32 ) (-1184 -312 -24 ) (-1184 -136 -24 ) (-1184 -136 -32 ) 
4 105 (-1184 -136 -32 ) (-1024 -136 -32 ) (-1024 -312 -32 ) (-1184 -312 -32 ) 
4 105 (-1024 -312 -24 ) (-1024 -312 -32 ) (-1024 -136 -32 ) (-1024 -136 -24 ) 
4 105 (-1168 -136 -24 ) (-1184 -136 -24 ) (-1184 -312 -24 ) (-1168 -312 -24 ) 
4 106 (-1536 -136 -24 ) (-1536 -136 -32 ) (-1536 -312 -32 ) (-1536 -312 -24 ) 
4 106 (-1536 -136 -32 ) (-1304 -136 -32 ) (-1304 -312 -32 ) (-1536 -312 -32 ) 
4 106 (-1304 -136 -32 ) (-1304 -136 -24 ) (-1304 -312 -24 ) (-1304 -312 -32 ) 
4 107 (-1536 -312 0 ) (-1536 -312 -32 ) (-1536 -760 -32 ) (-1536 -760 0 ) 
4 107 (-1304 -312 -24 ) (-1184 -312 -24 ) (-1184 -312 -32 ) (-1304 -312 -32 ) 
4 107 (-1168 -312 -24 ) (-1288 -312 -24 ) (-1288 -312 -8 ) (-1168 -312 -8 ) 
4 107 (-1152 -312 -8 ) (-1272 -312 -8 ) (-1272 -312 0 ) (-1152 -312 0 ) 
4 107 (-1024 -760 -32 ) (-1024 -312 -32 ) (-1024 -312 0 ) (-1024 -760 0 ) 
4 107 (-1536 -312 -32 ) (-1024 -312 -32 ) (-1024 -760 -32 ) (-1536 -760 -32 ) 
4 107 (-1536 -760 0 ) (-1536 -760 -32 ) (-1024 -760 -32 ) (-1024 -760 0 ) 
